<?xml version="1.0" encoding="UTF-8"?>
<!-- Generated by org.testng.reporters.JUnitReportReporter -->
<testsuite hostname="ITPL-LTP-022" failures="0" tests="1" name="GreenKart.TestCases.CartTest" time="3.069" errors="0" timestamp="2025-04-28T14:39:09 IST" skipped="0">
  <testcase classname="GreenKart.TestCases.CartTest" name="testCartProducts" time="3.069"/>
</testsuite> <!-- GreenKart.TestCases.CartTest -->
